[2025-10-05T00:30:15.749+0000] {processor.py:161} INFO - Started process (PID=39601) to work on /opt/airflow/dags/airflow.py
[2025-10-05T00:30:15.751+0000] {processor.py:830} INFO - Processing file /opt/airflow/dags/airflow.py for tasks to queue
[2025-10-05T00:30:15.754+0000] {logging_mixin.py:188} INFO - [2025-10-05T00:30:15.753+0000] {dagbag.py:545} INFO - Filling up the DagBag from /opt/airflow/dags/airflow.py
[2025-10-05T00:30:16.579+0000] {processor.py:840} INFO - DAG(s) 'Airflow_Lab1' retrieved from /opt/airflow/dags/airflow.py
[2025-10-05T00:30:16.594+0000] {logging_mixin.py:188} INFO - [2025-10-05T00:30:16.594+0000] {dag.py:3096} INFO - Sync 1 DAGs
[2025-10-05T00:30:16.598+0000] {logging_mixin.py:188} INFO - [2025-10-05T00:30:16.598+0000] {dag.py:3954} INFO - Setting next_dagrun for Airflow_Lab1 to None, run_after=None
[2025-10-05T00:30:16.610+0000] {processor.py:183} INFO - Processing /opt/airflow/dags/airflow.py took 0.877 seconds
[2025-10-05T01:22:08.231+0000] {processor.py:161} INFO - Started process (PID=39616) to work on /opt/airflow/dags/airflow.py
[2025-10-05T01:22:08.233+0000] {processor.py:830} INFO - Processing file /opt/airflow/dags/airflow.py for tasks to queue
[2025-10-05T01:22:08.233+0000] {logging_mixin.py:188} INFO - [2025-10-05T01:22:08.233+0000] {dagbag.py:545} INFO - Filling up the DagBag from /opt/airflow/dags/airflow.py
[2025-10-05T01:22:09.059+0000] {processor.py:840} INFO - DAG(s) 'Airflow_Lab1' retrieved from /opt/airflow/dags/airflow.py
[2025-10-05T01:22:09.088+0000] {logging_mixin.py:188} INFO - [2025-10-05T01:22:09.088+0000] {dag.py:3096} INFO - Sync 1 DAGs
[2025-10-05T01:22:09.094+0000] {logging_mixin.py:188} INFO - [2025-10-05T01:22:09.094+0000] {dag.py:3954} INFO - Setting next_dagrun for Airflow_Lab1 to None, run_after=None
[2025-10-05T01:22:09.101+0000] {processor.py:183} INFO - Processing /opt/airflow/dags/airflow.py took 0.885 seconds
[2025-10-05T02:04:59.109+0000] {processor.py:161} INFO - Started process (PID=39631) to work on /opt/airflow/dags/airflow.py
[2025-10-05T02:04:59.117+0000] {processor.py:830} INFO - Processing file /opt/airflow/dags/airflow.py for tasks to queue
[2025-10-05T02:04:59.122+0000] {logging_mixin.py:188} INFO - [2025-10-05T02:04:59.121+0000] {dagbag.py:545} INFO - Filling up the DagBag from /opt/airflow/dags/airflow.py
[2025-10-05T02:05:00.978+0000] {processor.py:840} INFO - DAG(s) 'Airflow_Lab1' retrieved from /opt/airflow/dags/airflow.py
[2025-10-05T02:05:01.019+0000] {logging_mixin.py:188} INFO - [2025-10-05T02:05:01.018+0000] {dag.py:3096} INFO - Sync 1 DAGs
[2025-10-05T02:05:01.024+0000] {logging_mixin.py:188} INFO - [2025-10-05T02:05:01.024+0000] {dag.py:3954} INFO - Setting next_dagrun for Airflow_Lab1 to None, run_after=None
[2025-10-05T02:05:01.037+0000] {processor.py:183} INFO - Processing /opt/airflow/dags/airflow.py took 1.958 seconds
[2025-10-05T03:17:40.485+0000] {processor.py:161} INFO - Started process (PID=39646) to work on /opt/airflow/dags/airflow.py
[2025-10-05T03:17:40.486+0000] {processor.py:830} INFO - Processing file /opt/airflow/dags/airflow.py for tasks to queue
[2025-10-05T03:17:40.487+0000] {logging_mixin.py:188} INFO - [2025-10-05T03:17:40.487+0000] {dagbag.py:545} INFO - Filling up the DagBag from /opt/airflow/dags/airflow.py
[2025-10-05T03:17:41.724+0000] {processor.py:840} INFO - DAG(s) 'Airflow_Lab1' retrieved from /opt/airflow/dags/airflow.py
[2025-10-05T03:17:41.753+0000] {logging_mixin.py:188} INFO - [2025-10-05T03:17:41.753+0000] {dag.py:3096} INFO - Sync 1 DAGs
[2025-10-05T03:17:41.760+0000] {logging_mixin.py:188} INFO - [2025-10-05T03:17:41.760+0000] {dag.py:3954} INFO - Setting next_dagrun for Airflow_Lab1 to None, run_after=None
[2025-10-05T03:17:41.773+0000] {processor.py:183} INFO - Processing /opt/airflow/dags/airflow.py took 1.298 seconds
[2025-10-05T03:57:26.301+0000] {processor.py:161} INFO - Started process (PID=39661) to work on /opt/airflow/dags/airflow.py
[2025-10-05T03:57:26.301+0000] {processor.py:830} INFO - Processing file /opt/airflow/dags/airflow.py for tasks to queue
[2025-10-05T03:57:26.302+0000] {logging_mixin.py:188} INFO - [2025-10-05T03:57:26.302+0000] {dagbag.py:545} INFO - Filling up the DagBag from /opt/airflow/dags/airflow.py
[2025-10-05T03:57:27.104+0000] {processor.py:840} INFO - DAG(s) 'Airflow_Lab1' retrieved from /opt/airflow/dags/airflow.py
[2025-10-05T03:57:27.127+0000] {logging_mixin.py:188} INFO - [2025-10-05T03:57:27.127+0000] {dag.py:3096} INFO - Sync 1 DAGs
[2025-10-05T03:57:27.133+0000] {logging_mixin.py:188} INFO - [2025-10-05T03:57:27.133+0000] {dag.py:3954} INFO - Setting next_dagrun for Airflow_Lab1 to None, run_after=None
[2025-10-05T03:57:27.140+0000] {processor.py:183} INFO - Processing /opt/airflow/dags/airflow.py took 0.847 seconds
[2025-10-05T04:06:38.124+0000] {processor.py:161} INFO - Started process (PID=39676) to work on /opt/airflow/dags/airflow.py
[2025-10-05T04:06:38.125+0000] {processor.py:830} INFO - Processing file /opt/airflow/dags/airflow.py for tasks to queue
[2025-10-05T04:06:38.126+0000] {logging_mixin.py:188} INFO - [2025-10-05T04:06:38.125+0000] {dagbag.py:545} INFO - Filling up the DagBag from /opt/airflow/dags/airflow.py
[2025-10-05T04:06:39.405+0000] {processor.py:840} INFO - DAG(s) 'Airflow_Lab1' retrieved from /opt/airflow/dags/airflow.py
[2025-10-05T04:06:39.435+0000] {logging_mixin.py:188} INFO - [2025-10-05T04:06:39.435+0000] {dag.py:3096} INFO - Sync 1 DAGs
[2025-10-05T04:06:39.440+0000] {logging_mixin.py:188} INFO - [2025-10-05T04:06:39.440+0000] {dag.py:3954} INFO - Setting next_dagrun for Airflow_Lab1 to None, run_after=None
[2025-10-05T04:06:39.447+0000] {processor.py:183} INFO - Processing /opt/airflow/dags/airflow.py took 1.333 seconds
[2025-10-05T04:18:45.170+0000] {processor.py:161} INFO - Started process (PID=39691) to work on /opt/airflow/dags/airflow.py
[2025-10-05T04:18:45.172+0000] {processor.py:830} INFO - Processing file /opt/airflow/dags/airflow.py for tasks to queue
[2025-10-05T04:18:45.176+0000] {logging_mixin.py:188} INFO - [2025-10-05T04:18:45.174+0000] {dagbag.py:545} INFO - Filling up the DagBag from /opt/airflow/dags/airflow.py
[2025-10-05T04:18:46.139+0000] {processor.py:840} INFO - DAG(s) 'Airflow_Lab1' retrieved from /opt/airflow/dags/airflow.py
[2025-10-05T04:18:46.161+0000] {logging_mixin.py:188} INFO - [2025-10-05T04:18:46.160+0000] {dag.py:3096} INFO - Sync 1 DAGs
[2025-10-05T04:18:46.169+0000] {logging_mixin.py:188} INFO - [2025-10-05T04:18:46.169+0000] {dag.py:3954} INFO - Setting next_dagrun for Airflow_Lab1 to None, run_after=None
[2025-10-05T04:18:46.177+0000] {processor.py:183} INFO - Processing /opt/airflow/dags/airflow.py took 1.023 seconds
[2025-10-05T04:27:53.981+0000] {processor.py:161} INFO - Started process (PID=39706) to work on /opt/airflow/dags/airflow.py
[2025-10-05T04:27:53.982+0000] {processor.py:830} INFO - Processing file /opt/airflow/dags/airflow.py for tasks to queue
[2025-10-05T04:27:53.983+0000] {logging_mixin.py:188} INFO - [2025-10-05T04:27:53.983+0000] {dagbag.py:545} INFO - Filling up the DagBag from /opt/airflow/dags/airflow.py
[2025-10-05T04:27:54.760+0000] {processor.py:840} INFO - DAG(s) 'Airflow_Lab1' retrieved from /opt/airflow/dags/airflow.py
[2025-10-05T04:27:54.771+0000] {logging_mixin.py:188} INFO - [2025-10-05T04:27:54.770+0000] {dag.py:3096} INFO - Sync 1 DAGs
[2025-10-05T04:27:54.775+0000] {logging_mixin.py:188} INFO - [2025-10-05T04:27:54.774+0000] {dag.py:3954} INFO - Setting next_dagrun for Airflow_Lab1 to None, run_after=None
[2025-10-05T04:27:54.780+0000] {processor.py:183} INFO - Processing /opt/airflow/dags/airflow.py took 0.809 seconds
[2025-10-05T04:37:04.454+0000] {processor.py:161} INFO - Started process (PID=39721) to work on /opt/airflow/dags/airflow.py
[2025-10-05T04:37:04.455+0000] {processor.py:830} INFO - Processing file /opt/airflow/dags/airflow.py for tasks to queue
[2025-10-05T04:37:04.456+0000] {logging_mixin.py:188} INFO - [2025-10-05T04:37:04.455+0000] {dagbag.py:545} INFO - Filling up the DagBag from /opt/airflow/dags/airflow.py
[2025-10-05T04:37:05.819+0000] {processor.py:840} INFO - DAG(s) 'Airflow_Lab1' retrieved from /opt/airflow/dags/airflow.py
[2025-10-05T04:37:05.856+0000] {logging_mixin.py:188} INFO - [2025-10-05T04:37:05.855+0000] {dag.py:3096} INFO - Sync 1 DAGs
[2025-10-05T04:37:05.862+0000] {logging_mixin.py:188} INFO - [2025-10-05T04:37:05.862+0000] {dag.py:3954} INFO - Setting next_dagrun for Airflow_Lab1 to None, run_after=None
[2025-10-05T04:37:05.872+0000] {processor.py:183} INFO - Processing /opt/airflow/dags/airflow.py took 1.430 seconds
[2025-10-05T06:18:31.451+0000] {processor.py:161} INFO - Started process (PID=39736) to work on /opt/airflow/dags/airflow.py
[2025-10-05T06:18:31.452+0000] {processor.py:830} INFO - Processing file /opt/airflow/dags/airflow.py for tasks to queue
[2025-10-05T06:18:31.454+0000] {logging_mixin.py:188} INFO - [2025-10-05T06:18:31.453+0000] {dagbag.py:545} INFO - Filling up the DagBag from /opt/airflow/dags/airflow.py
[2025-10-05T06:18:32.286+0000] {processor.py:840} INFO - DAG(s) 'Airflow_Lab1' retrieved from /opt/airflow/dags/airflow.py
[2025-10-05T06:18:32.300+0000] {logging_mixin.py:188} INFO - [2025-10-05T06:18:32.299+0000] {dag.py:3096} INFO - Sync 1 DAGs
[2025-10-05T06:18:32.304+0000] {logging_mixin.py:188} INFO - [2025-10-05T06:18:32.304+0000] {dag.py:3954} INFO - Setting next_dagrun for Airflow_Lab1 to None, run_after=None
[2025-10-05T06:18:32.309+0000] {processor.py:183} INFO - Processing /opt/airflow/dags/airflow.py took 0.866 seconds
[2025-10-05T07:57:12.957+0000] {processor.py:161} INFO - Started process (PID=39751) to work on /opt/airflow/dags/airflow.py
[2025-10-05T07:57:12.959+0000] {processor.py:830} INFO - Processing file /opt/airflow/dags/airflow.py for tasks to queue
[2025-10-05T07:57:12.960+0000] {logging_mixin.py:188} INFO - [2025-10-05T07:57:12.959+0000] {dagbag.py:545} INFO - Filling up the DagBag from /opt/airflow/dags/airflow.py
[2025-10-05T07:57:13.918+0000] {processor.py:840} INFO - DAG(s) 'Airflow_Lab1' retrieved from /opt/airflow/dags/airflow.py
[2025-10-05T07:57:13.949+0000] {logging_mixin.py:188} INFO - [2025-10-05T07:57:13.949+0000] {dag.py:3096} INFO - Sync 1 DAGs
[2025-10-05T07:57:13.954+0000] {logging_mixin.py:188} INFO - [2025-10-05T07:57:13.954+0000] {dag.py:3954} INFO - Setting next_dagrun for Airflow_Lab1 to None, run_after=None
[2025-10-05T07:57:13.961+0000] {processor.py:183} INFO - Processing /opt/airflow/dags/airflow.py took 1.032 seconds
[2025-10-05T08:37:52.224+0000] {processor.py:161} INFO - Started process (PID=39766) to work on /opt/airflow/dags/airflow.py
[2025-10-05T08:37:52.225+0000] {processor.py:830} INFO - Processing file /opt/airflow/dags/airflow.py for tasks to queue
[2025-10-05T08:37:52.226+0000] {logging_mixin.py:188} INFO - [2025-10-05T08:37:52.225+0000] {dagbag.py:545} INFO - Filling up the DagBag from /opt/airflow/dags/airflow.py
[2025-10-05T08:37:53.133+0000] {processor.py:840} INFO - DAG(s) 'Airflow_Lab1' retrieved from /opt/airflow/dags/airflow.py
[2025-10-05T08:37:53.161+0000] {logging_mixin.py:188} INFO - [2025-10-05T08:37:53.160+0000] {dag.py:3096} INFO - Sync 1 DAGs
[2025-10-05T08:37:53.166+0000] {logging_mixin.py:188} INFO - [2025-10-05T08:37:53.166+0000] {dag.py:3954} INFO - Setting next_dagrun for Airflow_Lab1 to None, run_after=None
[2025-10-05T08:37:53.173+0000] {processor.py:183} INFO - Processing /opt/airflow/dags/airflow.py took 0.962 seconds
[2025-10-05T10:00:10.569+0000] {processor.py:161} INFO - Started process (PID=39781) to work on /opt/airflow/dags/airflow.py
[2025-10-05T10:00:10.570+0000] {processor.py:830} INFO - Processing file /opt/airflow/dags/airflow.py for tasks to queue
[2025-10-05T10:00:10.572+0000] {logging_mixin.py:188} INFO - [2025-10-05T10:00:10.572+0000] {dagbag.py:545} INFO - Filling up the DagBag from /opt/airflow/dags/airflow.py
[2025-10-05T10:00:11.592+0000] {processor.py:840} INFO - DAG(s) 'Airflow_Lab1' retrieved from /opt/airflow/dags/airflow.py
[2025-10-05T10:00:11.623+0000] {logging_mixin.py:188} INFO - [2025-10-05T10:00:11.623+0000] {dag.py:3096} INFO - Sync 1 DAGs
[2025-10-05T10:00:11.629+0000] {logging_mixin.py:188} INFO - [2025-10-05T10:00:11.629+0000] {dag.py:3954} INFO - Setting next_dagrun for Airflow_Lab1 to None, run_after=None
[2025-10-05T10:00:11.636+0000] {processor.py:183} INFO - Processing /opt/airflow/dags/airflow.py took 1.078 seconds
[2025-10-05T11:20:53.175+0000] {processor.py:161} INFO - Started process (PID=39796) to work on /opt/airflow/dags/airflow.py
[2025-10-05T11:20:53.176+0000] {processor.py:830} INFO - Processing file /opt/airflow/dags/airflow.py for tasks to queue
[2025-10-05T11:20:53.177+0000] {logging_mixin.py:188} INFO - [2025-10-05T11:20:53.177+0000] {dagbag.py:545} INFO - Filling up the DagBag from /opt/airflow/dags/airflow.py
[2025-10-05T11:20:54.036+0000] {processor.py:840} INFO - DAG(s) 'Airflow_Lab1' retrieved from /opt/airflow/dags/airflow.py
[2025-10-05T11:20:54.061+0000] {logging_mixin.py:188} INFO - [2025-10-05T11:20:54.060+0000] {dag.py:3096} INFO - Sync 1 DAGs
[2025-10-05T11:20:54.065+0000] {logging_mixin.py:188} INFO - [2025-10-05T11:20:54.065+0000] {dag.py:3954} INFO - Setting next_dagrun for Airflow_Lab1 to None, run_after=None
[2025-10-05T11:20:54.073+0000] {processor.py:183} INFO - Processing /opt/airflow/dags/airflow.py took 0.906 seconds
[2025-10-05T12:34:43.507+0000] {processor.py:161} INFO - Started process (PID=39811) to work on /opt/airflow/dags/airflow.py
[2025-10-05T12:34:43.508+0000] {processor.py:830} INFO - Processing file /opt/airflow/dags/airflow.py for tasks to queue
[2025-10-05T12:34:43.509+0000] {logging_mixin.py:188} INFO - [2025-10-05T12:34:43.509+0000] {dagbag.py:545} INFO - Filling up the DagBag from /opt/airflow/dags/airflow.py
[2025-10-05T12:34:44.303+0000] {processor.py:840} INFO - DAG(s) 'Airflow_Lab1' retrieved from /opt/airflow/dags/airflow.py
[2025-10-05T12:34:44.329+0000] {logging_mixin.py:188} INFO - [2025-10-05T12:34:44.329+0000] {dag.py:3096} INFO - Sync 1 DAGs
[2025-10-05T12:34:44.337+0000] {logging_mixin.py:188} INFO - [2025-10-05T12:34:44.336+0000] {dag.py:3954} INFO - Setting next_dagrun for Airflow_Lab1 to None, run_after=None
[2025-10-05T12:34:44.343+0000] {processor.py:183} INFO - Processing /opt/airflow/dags/airflow.py took 0.844 seconds
[2025-10-05T13:01:35.754+0000] {processor.py:161} INFO - Started process (PID=39826) to work on /opt/airflow/dags/airflow.py
[2025-10-05T13:01:35.755+0000] {processor.py:830} INFO - Processing file /opt/airflow/dags/airflow.py for tasks to queue
[2025-10-05T13:01:35.756+0000] {logging_mixin.py:188} INFO - [2025-10-05T13:01:35.755+0000] {dagbag.py:545} INFO - Filling up the DagBag from /opt/airflow/dags/airflow.py
[2025-10-05T13:01:36.559+0000] {processor.py:840} INFO - DAG(s) 'Airflow_Lab1' retrieved from /opt/airflow/dags/airflow.py
[2025-10-05T13:01:36.587+0000] {logging_mixin.py:188} INFO - [2025-10-05T13:01:36.587+0000] {dag.py:3096} INFO - Sync 1 DAGs
[2025-10-05T13:01:36.597+0000] {logging_mixin.py:188} INFO - [2025-10-05T13:01:36.596+0000] {dag.py:3954} INFO - Setting next_dagrun for Airflow_Lab1 to None, run_after=None
[2025-10-05T13:01:36.606+0000] {processor.py:183} INFO - Processing /opt/airflow/dags/airflow.py took 0.861 seconds
[2025-10-05T14:07:18.905+0000] {processor.py:161} INFO - Started process (PID=39841) to work on /opt/airflow/dags/airflow.py
[2025-10-05T14:07:18.906+0000] {processor.py:830} INFO - Processing file /opt/airflow/dags/airflow.py for tasks to queue
[2025-10-05T14:07:18.907+0000] {logging_mixin.py:188} INFO - [2025-10-05T14:07:18.906+0000] {dagbag.py:545} INFO - Filling up the DagBag from /opt/airflow/dags/airflow.py
[2025-10-05T14:07:19.831+0000] {processor.py:840} INFO - DAG(s) 'Airflow_Lab1' retrieved from /opt/airflow/dags/airflow.py
[2025-10-05T14:07:19.857+0000] {logging_mixin.py:188} INFO - [2025-10-05T14:07:19.856+0000] {dag.py:3096} INFO - Sync 1 DAGs
[2025-10-05T14:07:19.863+0000] {logging_mixin.py:188} INFO - [2025-10-05T14:07:19.863+0000] {dag.py:3954} INFO - Setting next_dagrun for Airflow_Lab1 to None, run_after=None
[2025-10-05T14:07:19.871+0000] {processor.py:183} INFO - Processing /opt/airflow/dags/airflow.py took 0.977 seconds
[2025-10-05T15:10:13.167+0000] {processor.py:161} INFO - Started process (PID=39856) to work on /opt/airflow/dags/airflow.py
[2025-10-05T15:10:13.169+0000] {processor.py:830} INFO - Processing file /opt/airflow/dags/airflow.py for tasks to queue
[2025-10-05T15:10:13.173+0000] {logging_mixin.py:188} INFO - [2025-10-05T15:10:13.172+0000] {dagbag.py:545} INFO - Filling up the DagBag from /opt/airflow/dags/airflow.py
[2025-10-05T15:10:14.529+0000] {processor.py:840} INFO - DAG(s) 'Airflow_Lab1' retrieved from /opt/airflow/dags/airflow.py
[2025-10-05T15:10:14.585+0000] {logging_mixin.py:188} INFO - [2025-10-05T15:10:14.584+0000] {dag.py:3096} INFO - Sync 1 DAGs
[2025-10-05T15:10:14.597+0000] {logging_mixin.py:188} INFO - [2025-10-05T15:10:14.597+0000] {dag.py:3954} INFO - Setting next_dagrun for Airflow_Lab1 to None, run_after=None
[2025-10-05T15:10:14.620+0000] {processor.py:183} INFO - Processing /opt/airflow/dags/airflow.py took 1.461 seconds
[2025-10-05T16:27:19.237+0000] {processor.py:161} INFO - Started process (PID=39871) to work on /opt/airflow/dags/airflow.py
[2025-10-05T16:27:19.238+0000] {processor.py:830} INFO - Processing file /opt/airflow/dags/airflow.py for tasks to queue
[2025-10-05T16:27:19.240+0000] {logging_mixin.py:188} INFO - [2025-10-05T16:27:19.239+0000] {dagbag.py:545} INFO - Filling up the DagBag from /opt/airflow/dags/airflow.py
[2025-10-05T16:27:20.195+0000] {processor.py:840} INFO - DAG(s) 'Airflow_Lab1' retrieved from /opt/airflow/dags/airflow.py
[2025-10-05T16:27:20.233+0000] {logging_mixin.py:188} INFO - [2025-10-05T16:27:20.233+0000] {dag.py:3096} INFO - Sync 1 DAGs
[2025-10-05T16:27:20.240+0000] {logging_mixin.py:188} INFO - [2025-10-05T16:27:20.240+0000] {dag.py:3954} INFO - Setting next_dagrun for Airflow_Lab1 to None, run_after=None
[2025-10-05T16:27:20.247+0000] {processor.py:183} INFO - Processing /opt/airflow/dags/airflow.py took 1.027 seconds
[2025-10-05T16:48:06.778+0000] {processor.py:161} INFO - Started process (PID=39886) to work on /opt/airflow/dags/airflow.py
[2025-10-05T16:48:06.779+0000] {processor.py:830} INFO - Processing file /opt/airflow/dags/airflow.py for tasks to queue
[2025-10-05T16:48:06.780+0000] {logging_mixin.py:188} INFO - [2025-10-05T16:48:06.780+0000] {dagbag.py:545} INFO - Filling up the DagBag from /opt/airflow/dags/airflow.py
[2025-10-05T16:48:08.348+0000] {processor.py:840} INFO - DAG(s) 'Airflow_Lab1' retrieved from /opt/airflow/dags/airflow.py
[2025-10-05T16:48:08.389+0000] {logging_mixin.py:188} INFO - [2025-10-05T16:48:08.389+0000] {dag.py:3096} INFO - Sync 1 DAGs
[2025-10-05T16:48:08.404+0000] {logging_mixin.py:188} INFO - [2025-10-05T16:48:08.404+0000] {dag.py:3954} INFO - Setting next_dagrun for Airflow_Lab1 to None, run_after=None
[2025-10-05T16:48:08.416+0000] {processor.py:183} INFO - Processing /opt/airflow/dags/airflow.py took 1.651 seconds
[2025-10-05T17:56:46.518+0000] {processor.py:161} INFO - Started process (PID=39901) to work on /opt/airflow/dags/airflow.py
[2025-10-05T17:56:46.519+0000] {processor.py:830} INFO - Processing file /opt/airflow/dags/airflow.py for tasks to queue
[2025-10-05T17:56:46.520+0000] {logging_mixin.py:188} INFO - [2025-10-05T17:56:46.519+0000] {dagbag.py:545} INFO - Filling up the DagBag from /opt/airflow/dags/airflow.py
[2025-10-05T17:56:47.859+0000] {processor.py:840} INFO - DAG(s) 'Airflow_Lab1' retrieved from /opt/airflow/dags/airflow.py
[2025-10-05T17:56:47.894+0000] {logging_mixin.py:188} INFO - [2025-10-05T17:56:47.894+0000] {dag.py:3096} INFO - Sync 1 DAGs
[2025-10-05T17:56:47.900+0000] {logging_mixin.py:188} INFO - [2025-10-05T17:56:47.900+0000] {dag.py:3954} INFO - Setting next_dagrun for Airflow_Lab1 to None, run_after=None
[2025-10-05T17:56:47.907+0000] {processor.py:183} INFO - Processing /opt/airflow/dags/airflow.py took 1.408 seconds
[2025-10-05T18:57:26.443+0000] {processor.py:161} INFO - Started process (PID=39916) to work on /opt/airflow/dags/airflow.py
[2025-10-05T18:57:26.445+0000] {processor.py:830} INFO - Processing file /opt/airflow/dags/airflow.py for tasks to queue
[2025-10-05T18:57:26.446+0000] {logging_mixin.py:188} INFO - [2025-10-05T18:57:26.446+0000] {dagbag.py:545} INFO - Filling up the DagBag from /opt/airflow/dags/airflow.py
[2025-10-05T18:57:27.311+0000] {processor.py:840} INFO - DAG(s) 'Airflow_Lab1' retrieved from /opt/airflow/dags/airflow.py
[2025-10-05T18:57:27.329+0000] {logging_mixin.py:188} INFO - [2025-10-05T18:57:27.329+0000] {dag.py:3096} INFO - Sync 1 DAGs
[2025-10-05T18:57:27.334+0000] {logging_mixin.py:188} INFO - [2025-10-05T18:57:27.334+0000] {dag.py:3954} INFO - Setting next_dagrun for Airflow_Lab1 to None, run_after=None
[2025-10-05T18:57:27.341+0000] {processor.py:183} INFO - Processing /opt/airflow/dags/airflow.py took 0.909 seconds
[2025-10-05T19:06:37.931+0000] {processor.py:161} INFO - Started process (PID=39931) to work on /opt/airflow/dags/airflow.py
[2025-10-05T19:06:37.933+0000] {processor.py:830} INFO - Processing file /opt/airflow/dags/airflow.py for tasks to queue
[2025-10-05T19:06:37.934+0000] {logging_mixin.py:188} INFO - [2025-10-05T19:06:37.933+0000] {dagbag.py:545} INFO - Filling up the DagBag from /opt/airflow/dags/airflow.py
[2025-10-05T19:06:38.707+0000] {processor.py:840} INFO - DAG(s) 'Airflow_Lab1' retrieved from /opt/airflow/dags/airflow.py
[2025-10-05T19:06:38.724+0000] {logging_mixin.py:188} INFO - [2025-10-05T19:06:38.724+0000] {dag.py:3096} INFO - Sync 1 DAGs
[2025-10-05T19:06:38.729+0000] {logging_mixin.py:188} INFO - [2025-10-05T19:06:38.729+0000] {dag.py:3954} INFO - Setting next_dagrun for Airflow_Lab1 to None, run_after=None
[2025-10-05T19:06:38.734+0000] {processor.py:183} INFO - Processing /opt/airflow/dags/airflow.py took 0.824 seconds
[2025-10-05T19:17:32.488+0000] {processor.py:161} INFO - Started process (PID=39946) to work on /opt/airflow/dags/airflow.py
[2025-10-05T19:17:32.489+0000] {processor.py:830} INFO - Processing file /opt/airflow/dags/airflow.py for tasks to queue
[2025-10-05T19:17:32.491+0000] {logging_mixin.py:188} INFO - [2025-10-05T19:17:32.490+0000] {dagbag.py:545} INFO - Filling up the DagBag from /opt/airflow/dags/airflow.py
[2025-10-05T19:17:33.297+0000] {processor.py:840} INFO - DAG(s) 'Airflow_Lab1' retrieved from /opt/airflow/dags/airflow.py
[2025-10-05T19:17:33.317+0000] {logging_mixin.py:188} INFO - [2025-10-05T19:17:33.316+0000] {dag.py:3096} INFO - Sync 1 DAGs
[2025-10-05T19:17:33.321+0000] {logging_mixin.py:188} INFO - [2025-10-05T19:17:33.321+0000] {dag.py:3954} INFO - Setting next_dagrun for Airflow_Lab1 to None, run_after=None
[2025-10-05T19:17:33.327+0000] {processor.py:183} INFO - Processing /opt/airflow/dags/airflow.py took 0.850 seconds
[2025-10-05T19:27:51.788+0000] {processor.py:161} INFO - Started process (PID=39961) to work on /opt/airflow/dags/airflow.py
[2025-10-05T19:27:51.789+0000] {processor.py:830} INFO - Processing file /opt/airflow/dags/airflow.py for tasks to queue
[2025-10-05T19:27:51.790+0000] {logging_mixin.py:188} INFO - [2025-10-05T19:27:51.789+0000] {dagbag.py:545} INFO - Filling up the DagBag from /opt/airflow/dags/airflow.py
[2025-10-05T19:27:52.515+0000] {processor.py:840} INFO - DAG(s) 'Airflow_Lab1' retrieved from /opt/airflow/dags/airflow.py
[2025-10-05T19:27:52.533+0000] {logging_mixin.py:188} INFO - [2025-10-05T19:27:52.532+0000] {dag.py:3096} INFO - Sync 1 DAGs
[2025-10-05T19:27:52.538+0000] {logging_mixin.py:188} INFO - [2025-10-05T19:27:52.538+0000] {dag.py:3954} INFO - Setting next_dagrun for Airflow_Lab1 to None, run_after=None
[2025-10-05T19:27:52.545+0000] {processor.py:183} INFO - Processing /opt/airflow/dags/airflow.py took 0.764 seconds
[2025-10-05T19:37:05.917+0000] {processor.py:161} INFO - Started process (PID=39976) to work on /opt/airflow/dags/airflow.py
[2025-10-05T19:37:05.922+0000] {processor.py:830} INFO - Processing file /opt/airflow/dags/airflow.py for tasks to queue
[2025-10-05T19:37:05.923+0000] {logging_mixin.py:188} INFO - [2025-10-05T19:37:05.923+0000] {dagbag.py:545} INFO - Filling up the DagBag from /opt/airflow/dags/airflow.py
[2025-10-05T19:37:06.759+0000] {processor.py:840} INFO - DAG(s) 'Airflow_Lab1' retrieved from /opt/airflow/dags/airflow.py
[2025-10-05T19:37:06.787+0000] {logging_mixin.py:188} INFO - [2025-10-05T19:37:06.786+0000] {dag.py:3096} INFO - Sync 1 DAGs
[2025-10-05T19:37:06.796+0000] {logging_mixin.py:188} INFO - [2025-10-05T19:37:06.796+0000] {dag.py:3954} INFO - Setting next_dagrun for Airflow_Lab1 to None, run_after=None
[2025-10-05T19:37:06.803+0000] {processor.py:183} INFO - Processing /opt/airflow/dags/airflow.py took 0.901 seconds
[2025-10-05T19:43:03.419+0000] {processor.py:161} INFO - Started process (PID=39991) to work on /opt/airflow/dags/airflow.py
[2025-10-05T19:43:03.420+0000] {processor.py:830} INFO - Processing file /opt/airflow/dags/airflow.py for tasks to queue
[2025-10-05T19:43:03.421+0000] {logging_mixin.py:188} INFO - [2025-10-05T19:43:03.421+0000] {dagbag.py:545} INFO - Filling up the DagBag from /opt/airflow/dags/airflow.py
[2025-10-05T19:43:04.129+0000] {processor.py:840} INFO - DAG(s) 'Airflow_Lab1' retrieved from /opt/airflow/dags/airflow.py
[2025-10-05T19:43:04.156+0000] {logging_mixin.py:188} INFO - [2025-10-05T19:43:04.156+0000] {dag.py:3096} INFO - Sync 1 DAGs
[2025-10-05T19:43:04.161+0000] {logging_mixin.py:188} INFO - [2025-10-05T19:43:04.161+0000] {dag.py:3954} INFO - Setting next_dagrun for Airflow_Lab1 to None, run_after=None
[2025-10-05T19:43:04.168+0000] {processor.py:183} INFO - Processing /opt/airflow/dags/airflow.py took 0.759 seconds
[2025-10-05T20:09:29.152+0000] {processor.py:161} INFO - Started process (PID=40006) to work on /opt/airflow/dags/airflow.py
[2025-10-05T20:09:29.153+0000] {processor.py:830} INFO - Processing file /opt/airflow/dags/airflow.py for tasks to queue
[2025-10-05T20:09:29.154+0000] {logging_mixin.py:188} INFO - [2025-10-05T20:09:29.153+0000] {dagbag.py:545} INFO - Filling up the DagBag from /opt/airflow/dags/airflow.py
[2025-10-05T20:09:29.914+0000] {processor.py:840} INFO - DAG(s) 'Airflow_Lab1' retrieved from /opt/airflow/dags/airflow.py
[2025-10-05T20:09:29.930+0000] {logging_mixin.py:188} INFO - [2025-10-05T20:09:29.930+0000] {dag.py:3096} INFO - Sync 1 DAGs
[2025-10-05T20:09:29.934+0000] {logging_mixin.py:188} INFO - [2025-10-05T20:09:29.934+0000] {dag.py:3954} INFO - Setting next_dagrun for Airflow_Lab1 to None, run_after=None
[2025-10-05T20:09:29.939+0000] {processor.py:183} INFO - Processing /opt/airflow/dags/airflow.py took 0.795 seconds
[2025-10-05T20:58:45.044+0000] {processor.py:161} INFO - Started process (PID=40021) to work on /opt/airflow/dags/airflow.py
[2025-10-05T20:58:45.046+0000] {processor.py:830} INFO - Processing file /opt/airflow/dags/airflow.py for tasks to queue
[2025-10-05T20:58:45.047+0000] {logging_mixin.py:188} INFO - [2025-10-05T20:58:45.046+0000] {dagbag.py:545} INFO - Filling up the DagBag from /opt/airflow/dags/airflow.py
[2025-10-05T20:58:45.971+0000] {processor.py:840} INFO - DAG(s) 'Airflow_Lab1' retrieved from /opt/airflow/dags/airflow.py
[2025-10-05T20:58:45.998+0000] {logging_mixin.py:188} INFO - [2025-10-05T20:58:45.997+0000] {dag.py:3096} INFO - Sync 1 DAGs
[2025-10-05T20:58:46.008+0000] {logging_mixin.py:188} INFO - [2025-10-05T20:58:46.008+0000] {dag.py:3954} INFO - Setting next_dagrun for Airflow_Lab1 to None, run_after=None
[2025-10-05T20:58:46.021+0000] {processor.py:183} INFO - Processing /opt/airflow/dags/airflow.py took 1.003 seconds
[2025-10-05T21:43:51.017+0000] {processor.py:161} INFO - Started process (PID=40036) to work on /opt/airflow/dags/airflow.py
[2025-10-05T21:43:51.018+0000] {processor.py:830} INFO - Processing file /opt/airflow/dags/airflow.py for tasks to queue
[2025-10-05T21:43:51.020+0000] {logging_mixin.py:188} INFO - [2025-10-05T21:43:51.019+0000] {dagbag.py:545} INFO - Filling up the DagBag from /opt/airflow/dags/airflow.py
[2025-10-05T21:43:51.863+0000] {processor.py:840} INFO - DAG(s) 'Airflow_Lab1' retrieved from /opt/airflow/dags/airflow.py
[2025-10-05T21:43:51.894+0000] {logging_mixin.py:188} INFO - [2025-10-05T21:43:51.893+0000] {dag.py:3096} INFO - Sync 1 DAGs
[2025-10-05T21:43:51.900+0000] {logging_mixin.py:188} INFO - [2025-10-05T21:43:51.899+0000] {dag.py:3954} INFO - Setting next_dagrun for Airflow_Lab1 to None, run_after=None
[2025-10-05T21:43:51.907+0000] {processor.py:183} INFO - Processing /opt/airflow/dags/airflow.py took 0.920 seconds
[2025-10-05T21:48:30.606+0000] {processor.py:161} INFO - Started process (PID=40051) to work on /opt/airflow/dags/airflow.py
[2025-10-05T21:48:30.630+0000] {processor.py:830} INFO - Processing file /opt/airflow/dags/airflow.py for tasks to queue
[2025-10-05T21:48:30.632+0000] {logging_mixin.py:188} INFO - [2025-10-05T21:48:30.631+0000] {dagbag.py:545} INFO - Filling up the DagBag from /opt/airflow/dags/airflow.py
[2025-10-05T21:48:31.884+0000] {processor.py:840} INFO - DAG(s) 'Airflow_Lab1' retrieved from /opt/airflow/dags/airflow.py
[2025-10-05T21:48:31.908+0000] {logging_mixin.py:188} INFO - [2025-10-05T21:48:31.908+0000] {dag.py:3096} INFO - Sync 1 DAGs
[2025-10-05T21:48:31.914+0000] {logging_mixin.py:188} INFO - [2025-10-05T21:48:31.914+0000] {dag.py:3954} INFO - Setting next_dagrun for Airflow_Lab1 to None, run_after=None
[2025-10-05T21:48:31.921+0000] {processor.py:183} INFO - Processing /opt/airflow/dags/airflow.py took 1.345 seconds
[2025-10-05T21:57:44.462+0000] {processor.py:161} INFO - Started process (PID=40066) to work on /opt/airflow/dags/airflow.py
[2025-10-05T21:57:44.463+0000] {processor.py:830} INFO - Processing file /opt/airflow/dags/airflow.py for tasks to queue
[2025-10-05T21:57:44.464+0000] {logging_mixin.py:188} INFO - [2025-10-05T21:57:44.464+0000] {dagbag.py:545} INFO - Filling up the DagBag from /opt/airflow/dags/airflow.py
[2025-10-05T21:57:45.224+0000] {processor.py:840} INFO - DAG(s) 'Airflow_Lab1' retrieved from /opt/airflow/dags/airflow.py
[2025-10-05T21:57:45.236+0000] {logging_mixin.py:188} INFO - [2025-10-05T21:57:45.236+0000] {dag.py:3096} INFO - Sync 1 DAGs
[2025-10-05T21:57:45.240+0000] {logging_mixin.py:188} INFO - [2025-10-05T21:57:45.240+0000] {dag.py:3954} INFO - Setting next_dagrun for Airflow_Lab1 to None, run_after=None
[2025-10-05T21:57:45.245+0000] {processor.py:183} INFO - Processing /opt/airflow/dags/airflow.py took 0.790 seconds
[2025-10-05T22:03:34.844+0000] {processor.py:161} INFO - Started process (PID=40081) to work on /opt/airflow/dags/airflow.py
[2025-10-05T22:03:34.846+0000] {processor.py:830} INFO - Processing file /opt/airflow/dags/airflow.py for tasks to queue
[2025-10-05T22:03:34.847+0000] {logging_mixin.py:188} INFO - [2025-10-05T22:03:34.847+0000] {dagbag.py:545} INFO - Filling up the DagBag from /opt/airflow/dags/airflow.py
[2025-10-05T22:03:36.336+0000] {processor.py:840} INFO - DAG(s) 'Airflow_Lab1' retrieved from /opt/airflow/dags/airflow.py
[2025-10-05T22:03:36.363+0000] {logging_mixin.py:188} INFO - [2025-10-05T22:03:36.363+0000] {dag.py:3096} INFO - Sync 1 DAGs
[2025-10-05T22:03:36.369+0000] {logging_mixin.py:188} INFO - [2025-10-05T22:03:36.369+0000] {dag.py:3954} INFO - Setting next_dagrun for Airflow_Lab1 to None, run_after=None
[2025-10-05T22:03:36.381+0000] {processor.py:183} INFO - Processing /opt/airflow/dags/airflow.py took 1.555 seconds
[2025-10-05T22:12:25.785+0000] {processor.py:161} INFO - Started process (PID=40096) to work on /opt/airflow/dags/airflow.py
[2025-10-05T22:12:25.786+0000] {processor.py:830} INFO - Processing file /opt/airflow/dags/airflow.py for tasks to queue
[2025-10-05T22:12:25.787+0000] {logging_mixin.py:188} INFO - [2025-10-05T22:12:25.787+0000] {dagbag.py:545} INFO - Filling up the DagBag from /opt/airflow/dags/airflow.py
[2025-10-05T22:12:27.103+0000] {processor.py:840} INFO - DAG(s) 'Airflow_Lab1' retrieved from /opt/airflow/dags/airflow.py
[2025-10-05T22:12:27.133+0000] {logging_mixin.py:188} INFO - [2025-10-05T22:12:27.133+0000] {dag.py:3096} INFO - Sync 1 DAGs
[2025-10-05T22:12:27.139+0000] {logging_mixin.py:188} INFO - [2025-10-05T22:12:27.139+0000] {dag.py:3954} INFO - Setting next_dagrun for Airflow_Lab1 to None, run_after=None
[2025-10-05T22:12:27.148+0000] {processor.py:183} INFO - Processing /opt/airflow/dags/airflow.py took 1.382 seconds
[2025-10-05T22:55:00.795+0000] {processor.py:161} INFO - Started process (PID=40111) to work on /opt/airflow/dags/airflow.py
[2025-10-05T22:55:00.806+0000] {processor.py:830} INFO - Processing file /opt/airflow/dags/airflow.py for tasks to queue
[2025-10-05T22:55:00.810+0000] {logging_mixin.py:188} INFO - [2025-10-05T22:55:00.809+0000] {dagbag.py:545} INFO - Filling up the DagBag from /opt/airflow/dags/airflow.py
[2025-10-05T22:55:03.394+0000] {processor.py:840} INFO - DAG(s) 'Airflow_Lab1' retrieved from /opt/airflow/dags/airflow.py
[2025-10-05T22:55:03.437+0000] {logging_mixin.py:188} INFO - [2025-10-05T22:55:03.436+0000] {dag.py:3096} INFO - Sync 1 DAGs
[2025-10-05T22:55:03.444+0000] {logging_mixin.py:188} INFO - [2025-10-05T22:55:03.444+0000] {dag.py:3954} INFO - Setting next_dagrun for Airflow_Lab1 to None, run_after=None
[2025-10-05T22:55:03.454+0000] {processor.py:183} INFO - Processing /opt/airflow/dags/airflow.py took 2.761 seconds
[2025-10-05T23:13:17.675+0000] {processor.py:161} INFO - Started process (PID=40126) to work on /opt/airflow/dags/airflow.py
[2025-10-05T23:13:17.679+0000] {processor.py:830} INFO - Processing file /opt/airflow/dags/airflow.py for tasks to queue
[2025-10-05T23:13:17.682+0000] {logging_mixin.py:188} INFO - [2025-10-05T23:13:17.681+0000] {dagbag.py:545} INFO - Filling up the DagBag from /opt/airflow/dags/airflow.py
[2025-10-05T23:13:18.786+0000] {processor.py:840} INFO - DAG(s) 'Airflow_Lab1' retrieved from /opt/airflow/dags/airflow.py
[2025-10-05T23:13:18.805+0000] {logging_mixin.py:188} INFO - [2025-10-05T23:13:18.804+0000] {dag.py:3096} INFO - Sync 1 DAGs
[2025-10-05T23:13:18.815+0000] {logging_mixin.py:188} INFO - [2025-10-05T23:13:18.815+0000] {dag.py:3954} INFO - Setting next_dagrun for Airflow_Lab1 to None, run_after=None
[2025-10-05T23:13:18.822+0000] {processor.py:183} INFO - Processing /opt/airflow/dags/airflow.py took 1.179 seconds
