[2025-09-24T00:43:11.959+0000] {local_task_job_runner.py:120} INFO - ::group::Pre task execution logs
[2025-09-24T00:43:11.976+0000] {taskinstance.py:2076} INFO - Dependencies all met for dep_context=non-requeueable deps ti=<TaskInstance: Airflow_Lab1.load_model_task manual__2025-09-24T00:42:56.647604+00:00 [queued]>
[2025-09-24T00:43:11.980+0000] {taskinstance.py:2076} INFO - Dependencies all met for dep_context=requeueable deps ti=<TaskInstance: Airflow_Lab1.load_model_task manual__2025-09-24T00:42:56.647604+00:00 [queued]>
[2025-09-24T00:43:11.981+0000] {taskinstance.py:2306} INFO - Starting attempt 1 of 1
[2025-09-24T00:43:11.991+0000] {taskinstance.py:2330} INFO - Executing <Task(PythonOperator): load_model_task> on 2025-09-24 00:42:56.647604+00:00
[2025-09-24T00:43:12.047+0000] {standard_task_runner.py:90} INFO - Running: ['***', 'tasks', 'run', 'Airflow_Lab1', 'load_model_task', 'manual__2025-09-24T00:42:56.647604+00:00', '--job-id', '36', '--raw', '--subdir', 'DAGS_FOLDER/***.py', '--cfg-path', '/tmp/tmp34dos65e']
[2025-09-24T00:43:12.041+0000] {warnings.py:112} WARNING - /home/***/.local/lib/python3.12/site-packages/***/task/task_runner/standard_task_runner.py:61: DeprecationWarning: This process (pid=149) is multi-threaded, use of fork() may lead to deadlocks in the child.
  pid = os.fork()

[2025-09-24T00:43:12.051+0000] {standard_task_runner.py:91} INFO - Job 36: Subtask load_model_task
[2025-09-24T00:43:12.051+0000] {standard_task_runner.py:63} INFO - Started process 158 to run task
[2025-09-24T00:43:12.116+0000] {task_command.py:426} INFO - Running <TaskInstance: Airflow_Lab1.load_model_task manual__2025-09-24T00:42:56.647604+00:00 [running]> on host 01ca18496a79
[2025-09-24T00:43:13.938+0000] {taskinstance.py:2648} INFO - Exporting env vars: AIRFLOW_CTX_DAG_OWNER='your_name' AIRFLOW_CTX_DAG_ID='Airflow_Lab1' AIRFLOW_CTX_TASK_ID='load_model_task' AIRFLOW_CTX_EXECUTION_DATE='2025-09-24T00:42:56.647604+00:00' AIRFLOW_CTX_TRY_NUMBER='1' AIRFLOW_CTX_DAG_RUN_ID='manual__2025-09-24T00:42:56.647604+00:00'
[2025-09-24T00:43:13.945+0000] {taskinstance.py:430} INFO - ::endgroup::
[2025-09-24T00:43:14.249+0000] {logging_mixin.py:188} INFO - Number of clusters found by DBSCAN: 0
[2025-09-24T00:43:14.251+0000] {python.py:237} INFO - Done. Returned value was: [-1]
[2025-09-24T00:43:14.265+0000] {taskinstance.py:441} INFO - ::group::Post task execution logs
[2025-09-24T00:43:14.321+0000] {taskinstance.py:1206} INFO - Marking task as SUCCESS. dag_id=Airflow_Lab1, task_id=load_model_task, run_id=manual__2025-09-24T00:42:56.647604+00:00, execution_date=20250924T004256, start_date=20250924T004311, end_date=20250924T004314
[2025-09-24T00:43:14.342+0000] {local_task_job_runner.py:240} INFO - Task exited with return code 0
[2025-09-24T00:43:14.404+0000] {taskinstance.py:3503} INFO - 0 downstream tasks scheduled from follow-on schedule check
[2025-09-24T00:43:14.407+0000] {local_task_job_runner.py:222} INFO - ::endgroup::
