[2025-09-24T00:34:16.473+0000] {local_task_job_runner.py:120} INFO - ::group::Pre task execution logs
[2025-09-24T00:34:16.491+0000] {taskinstance.py:2076} INFO - Dependencies all met for dep_context=non-requeueable deps ti=<TaskInstance: Airflow_Lab1.load_model_task manual__2025-09-24T00:33:55.093457+00:00 [queued]>
[2025-09-24T00:34:16.497+0000] {taskinstance.py:2076} INFO - Dependencies all met for dep_context=requeueable deps ti=<TaskInstance: Airflow_Lab1.load_model_task manual__2025-09-24T00:33:55.093457+00:00 [queued]>
[2025-09-24T00:34:16.497+0000] {taskinstance.py:2306} INFO - Starting attempt 1 of 1
[2025-09-24T00:34:16.505+0000] {taskinstance.py:2330} INFO - Executing <Task(PythonOperator): load_model_task> on 2025-09-24 00:33:55.093457+00:00
[2025-09-24T00:34:16.518+0000] {warnings.py:112} WARNING - /home/***/.local/lib/python3.12/site-packages/***/task/task_runner/standard_task_runner.py:61: DeprecationWarning: This process (pid=2253) is multi-threaded, use of fork() may lead to deadlocks in the child.
  pid = os.fork()

[2025-09-24T00:34:16.519+0000] {standard_task_runner.py:63} INFO - Started process 2262 to run task
[2025-09-24T00:34:16.519+0000] {standard_task_runner.py:90} INFO - Running: ['***', 'tasks', 'run', 'Airflow_Lab1', 'load_model_task', 'manual__2025-09-24T00:33:55.093457+00:00', '--job-id', '26', '--raw', '--subdir', 'DAGS_FOLDER/***.py', '--cfg-path', '/tmp/tmpmhdrw10y']
[2025-09-24T00:34:16.524+0000] {standard_task_runner.py:91} INFO - Job 26: Subtask load_model_task
[2025-09-24T00:34:16.563+0000] {task_command.py:426} INFO - Running <TaskInstance: Airflow_Lab1.load_model_task manual__2025-09-24T00:33:55.093457+00:00 [running]> on host 01ca18496a79
[2025-09-24T00:34:16.636+0000] {taskinstance.py:2648} INFO - Exporting env vars: AIRFLOW_CTX_DAG_OWNER='your_name' AIRFLOW_CTX_DAG_ID='Airflow_Lab1' AIRFLOW_CTX_TASK_ID='load_model_task' AIRFLOW_CTX_EXECUTION_DATE='2025-09-24T00:33:55.093457+00:00' AIRFLOW_CTX_TRY_NUMBER='1' AIRFLOW_CTX_DAG_RUN_ID='manual__2025-09-24T00:33:55.093457+00:00'
[2025-09-24T00:34:16.637+0000] {taskinstance.py:430} INFO - ::endgroup::
[2025-09-24T00:34:16.746+0000] {logging_mixin.py:188} INFO - Number of clusters found by DBSCAN: 0
[2025-09-24T00:34:16.751+0000] {python.py:237} INFO - Done. Returned value was: [-1]
[2025-09-24T00:34:16.758+0000] {taskinstance.py:441} INFO - ::group::Post task execution logs
[2025-09-24T00:34:16.818+0000] {taskinstance.py:1206} INFO - Marking task as SUCCESS. dag_id=Airflow_Lab1, task_id=load_model_task, run_id=manual__2025-09-24T00:33:55.093457+00:00, execution_date=20250924T003355, start_date=20250924T003416, end_date=20250924T003416
[2025-09-24T00:34:16.873+0000] {local_task_job_runner.py:240} INFO - Task exited with return code 0
[2025-09-24T00:34:16.882+0000] {taskinstance.py:3503} INFO - 0 downstream tasks scheduled from follow-on schedule check
[2025-09-24T00:34:16.882+0000] {local_task_job_runner.py:222} INFO - ::endgroup::
